<?xml version="1.0" encoding="utf-8"?><testsuites name="pytest tests"><testsuite name="pytest" errors="0" failures="0" skipped="0" tests="10" time="2.053" timestamp="2026-08-02T15:56:42.542910+00:00" hostname="agent-env-acd99c78-5918-43b1-9ebb-7e9d94a7d3d1"><testcase classname="tests.test_bounds_and_ac" name="test_numtests_500_accepted" time="0.220" /><testcase classname="tests.test_bounds_and_ac" name="test_numtests_5000_upper_ok" time="0.099" /><testcase classname="tests.test_bounds_and_ac" name="test_numtests_5001_rejected" time="0.049" /><testcase classname="tests.test_bounds_and_ac" name="test_timelimit_50_accepted" time="0.443" /><testcase classname="tests.test_bounds_and_ac" name="test_timelimit_10_lower_bound" time="0.048" /><testcase classname="tests.test_bounds_and_ac" name="test_timelimit_9_rejected" time="0.049" /><testcase classname="tests.test_bounds_and_ac" name="test_memlimit_8_accepted" time="0.092" /><testcase classname="tests.test_bounds_and_ac" name="test_memlimit_4_lower_bound" time="0.051" /><testcase classname="tests.test_bounds_and_ac" name="test_memlimit_3_rejected" time="0.051" /><testcase classname="tests.test_bounds_and_ac" name="test_ac_tests_include_io" time="0.446" /></testsuite></testsuites>