<?xml version="1.0" encoding="utf-8"?><testsuites name="pytest tests"><testsuite name="pytest" errors="0" failures="0" skipped="0" tests="48" time="92.739" timestamp="2026-08-17T11:30:48.952851+00:00" hostname="agent-env-acd99c78-5918-43b1-9ebb-7e9d94a7d3d1"><testcase classname="tests.test_stress_api" name="test_root" time="0.170" /><testcase classname="tests.test_stress_jobs" name="test_preview_typed_mixed" time="0.207" /><testcase classname="tests.test_stress_api" name="test_languages" time="0.119" /><testcase classname="tests.test_stress_jobs" name="test_preview_distinct_array_ok" time="0.074" /><testcase classname="tests.test_stress_jobs" name="test_preview_distinct_too_large" time="0.070" /><testcase classname="tests.test_stress_api" name="test_preview_simple" time="0.120" /><testcase classname="tests.test_stress_jobs" name="test_job_cpp_wa_flow" time="4.202" /><testcase classname="tests.test_stress_api" name="test_preview_advanced" time="0.120" /><testcase classname="tests.test_stress_api" name="test_preview_gen_error" time="0.117" /><testcase classname="tests.test_stress_api" name="test_run_cpp_wa" time="3.816" /><testcase classname="tests.test_stress_api" name="test_run_python_ac" time="0.452" /><testcase classname="tests.test_stress_jobs" name="test_job_py_ac" time="0.567" /><testcase classname="tests.test_stress_api" name="test_run_java_ac" time="3.604" /><testcase classname="tests.test_stress_jobs" name="test_job_java_ac" time="3.346" /><testcase classname="tests.test_stress_jobs" name="test_job_ce" time="0.231" /><testcase classname="tests.test_stress_api" name="test_run_ce_cpp" time="0.134" /><testcase classname="tests.test_stress_api" name="test_run_tle" time="4.900" /><testcase classname="tests.test_stress_jobs" name="test_job_tle" time="5.280" /><testcase classname="tests.test_stress_api" name="test_run_rte" time="3.220" /><testcase classname="tests.test_stress_jobs" name="test_job_rte" time="3.691" /><testcase classname="tests.test_stress_api" name="test_run_mle" time="3.271" /><testcase classname="tests.test_stress_jobs" name="test_job_mle" time="3.447" /><testcase classname="tests.test_bounds_and_ac" name="test_numtests_500_accepted" time="0.299" /><testcase classname="tests.test_bounds_and_ac" name="test_numtests_5000_upper_ok" time="0.199" /><testcase classname="tests.test_bounds_and_ac" name="test_numtests_5001_rejected" time="0.074" /><testcase classname="tests.test_bounds_and_ac" name="test_timelimit_50_accepted" time="0.619" /><testcase classname="tests.test_stress_jobs" name="test_job_streaming_progress" time="5.154" /><testcase classname="tests.test_bounds_and_ac" name="test_timelimit_10_lower_bound" time="0.110" /><testcase classname="tests.test_bounds_and_ac" name="test_timelimit_9_rejected" time="0.075" /><testcase classname="tests.test_bounds_and_ac" name="test_memlimit_8_accepted" time="0.073" /><testcase classname="tests.test_bounds_and_ac" name="test_memlimit_4_lower_bound" time="0.075" /><testcase classname="tests.test_bounds_and_ac" name="test_memlimit_3_rejected" time="0.072" /><testcase classname="tests.test_bounds_and_ac" name="test_ac_tests_include_io" time="0.563" /><testcase classname="tests.test_ai_config_and_simple_text" name="test_ai_status_shape" time="0.188" /><testcase classname="tests.test_ai_config_and_simple_text" name="test_ai_config_invalid_key" time="0.206" /><testcase classname="tests.test_ai_config_and_simple_text" name="test_ai_config_switch_model_then_clear" time="0.416" /><testcase classname="tests.test_ai_config_and_simple_text" name="test_preview_simple_text_ok" time="0.063" /><testcase classname="tests.test_ai_config_and_simple_text" name="test_preview_simple_text_malformed" time="0.061" /><testcase classname="tests.test_ai_config_and_simple_text" name="test_preview_advanced_graph_preset" time="0.059" /><testcase classname="tests.test_ai_endpoints" name="test_ai_status" time="0.156" /><testcase classname="tests.test_ai_endpoints" name="test_ai_generate_solution[cpp]" time="1.304" /><testcase classname="tests.test_ai_endpoints" name="test_ai_generate_solution[python]" time="10.785" /><testcase classname="tests.test_stress_jobs" name="test_job_cancel" time="0.682" /><testcase classname="tests.test_stress_jobs" name="test_cancel_unknown_job" time="0.068" /><testcase classname="tests.test_stress_jobs" name="test_status_unknown_job" time="0.080" /><testcase classname="tests.test_ai_endpoints" name="test_ai_generate_solution[java]" time="34.751" /><testcase classname="tests.test_ai_endpoints" name="test_ai_generate_generator_and_preview" time="7.240" /><testcase classname="tests.test_ai_endpoints" name="test_ai_explain_off_by_one" time="14.776" /></testsuite></testsuites>