<?xml version="1.0" encoding="utf-8"?><testsuites name="pytest tests"><testsuite name="pytest" errors="0" failures="0" skipped="0" tests="42" time="107.270" timestamp="2026-08-02T15:56:50.961961+00:00" hostname="agent-env-acd99c78-5918-43b1-9ebb-7e9d94a7d3d1"><testcase classname="tests.test_stress_api" name="test_root" time="0.234" /><testcase classname="tests.test_stress_jobs" name="test_preview_typed_mixed" time="0.157" /><testcase classname="tests.test_stress_jobs" name="test_preview_distinct_array_ok" time="0.047" /><testcase classname="tests.test_stress_jobs" name="test_preview_distinct_too_large" time="0.043" /><testcase classname="tests.test_stress_api" name="test_languages" time="0.060" /><testcase classname="tests.test_stress_jobs" name="test_job_cpp_wa_flow" time="4.428" /><testcase classname="tests.test_stress_api" name="test_preview_simple" time="0.095" /><testcase classname="tests.test_stress_api" name="test_preview_advanced" time="0.057" /><testcase classname="tests.test_stress_api" name="test_preview_gen_error" time="0.049" /><testcase classname="tests.test_stress_api" name="test_run_cpp_wa" time="3.943" /><testcase classname="tests.test_stress_api" name="test_run_python_ac" time="0.377" /><testcase classname="tests.test_stress_jobs" name="test_job_py_ac" time="0.443" /><testcase classname="tests.test_stress_api" name="test_run_java_ac" time="3.994" /><testcase classname="tests.test_stress_jobs" name="test_job_java_ac" time="3.840" /><testcase classname="tests.test_stress_api" name="test_run_ce_cpp" time="0.070" /><testcase classname="tests.test_stress_api" name="test_run_tle" time="4.934" /><testcase classname="tests.test_stress_jobs" name="test_job_ce" time="0.097" /><testcase classname="tests.test_stress_jobs" name="test_job_tle" time="5.134" /><testcase classname="tests.test_stress_api" name="test_run_rte" time="3.805" /><testcase classname="tests.test_stress_jobs" name="test_job_rte" time="4.051" /><testcase classname="tests.test_stress_api" name="test_run_mle" time="4.004" /><testcase classname="tests.test_stress_jobs" name="test_job_mle" time="4.496" /><testcase classname="tests.test_bounds_and_ac" name="test_numtests_500_accepted" time="0.215" /><testcase classname="tests.test_bounds_and_ac" name="test_numtests_5000_upper_ok" time="0.093" /><testcase classname="tests.test_bounds_and_ac" name="test_numtests_5001_rejected" time="0.057" /><testcase classname="tests.test_bounds_and_ac" name="test_timelimit_50_accepted" time="0.462" /><testcase classname="tests.test_bounds_and_ac" name="test_timelimit_10_lower_bound" time="0.043" /><testcase classname="tests.test_bounds_and_ac" name="test_timelimit_9_rejected" time="0.047" /><testcase classname="tests.test_bounds_and_ac" name="test_memlimit_8_accepted" time="0.045" /><testcase classname="tests.test_bounds_and_ac" name="test_memlimit_4_lower_bound" time="0.046" /><testcase classname="tests.test_bounds_and_ac" name="test_memlimit_3_rejected" time="0.045" /><testcase classname="tests.test_bounds_and_ac" name="test_ac_tests_include_io" time="0.566" /><testcase classname="tests.test_stress_jobs" name="test_job_streaming_progress" time="5.336" /><testcase classname="tests.test_ai_endpoints" name="test_ai_status" time="0.099" /><testcase classname="tests.test_ai_endpoints" name="test_ai_generate_solution[cpp]" time="1.066" /><testcase classname="tests.test_ai_endpoints" name="test_ai_generate_solution[python]" time="8.638" /><testcase classname="tests.test_stress_jobs" name="test_job_cancel" time="0.519" /><testcase classname="tests.test_stress_jobs" name="test_cancel_unknown_job" time="0.044" /><testcase classname="tests.test_stress_jobs" name="test_status_unknown_job" time="0.045" /><testcase classname="tests.test_ai_endpoints" name="test_ai_generate_solution[java]" time="35.635" /><testcase classname="tests.test_ai_endpoints" name="test_ai_generate_generator_and_preview" time="37.336" /><testcase classname="tests.test_ai_endpoints" name="test_ai_explain_off_by_one" time="0.672" /></testsuite></testsuites>