<?xml version="1.0" encoding="utf-8"?><testsuites name="pytest tests"><testsuite name="pytest" errors="0" failures="0" skipped="0" tests="6" time="1.828" timestamp="2026-08-17T11:30:42.674916+00:00" hostname="agent-env-acd99c78-5918-43b1-9ebb-7e9d94a7d3d1"><testcase classname="tests.test_ai_config_and_simple_text" name="test_ai_status_shape" time="0.364" /><testcase classname="tests.test_ai_config_and_simple_text" name="test_ai_config_invalid_key" time="0.337" /><testcase classname="tests.test_ai_config_and_simple_text" name="test_ai_config_switch_model_then_clear" time="0.435" /><testcase classname="tests.test_ai_config_and_simple_text" name="test_preview_simple_text_ok" time="0.071" /><testcase classname="tests.test_ai_config_and_simple_text" name="test_preview_simple_text_malformed" time="0.069" /><testcase classname="tests.test_ai_config_and_simple_text" name="test_preview_advanced_graph_preset" time="0.067" /></testsuite></testsuites>