<?xml version="1.0" encoding="utf-8"?><testsuites name="pytest tests"><testsuite name="pytest" errors="0" failures="0" skipped="0" tests="7" time="3.453" timestamp="2026-08-17T12:38:58.938473+00:00" hostname="agent-env-acd99c78-5918-43b1-9ebb-7e9d94a7d3d1"><testcase classname="tests.test_iteration9.TestNewDataTypes" name="test_advanced_chars_word_floats" time="0.153" /><testcase classname="tests.test_iteration9.TestCodeGeneratorPreview" name="test_python_code_generator_ok" time="0.204" /><testcase classname="tests.test_iteration9.TestNewDataTypes" name="test_simple_list_floats" time="0.129" /><testcase classname="tests.test_iteration9.TestCodeGeneratorPreview" name="test_python_crashing_generator_returns_traceback" time="0.169" /><testcase classname="tests.test_iteration9.TestCodeRunEndToEnd" name="test_code_mode_finds_wa" time="1.393" /><testcase classname="tests.test_iteration9.TestCodeGeneratorPreview" name="test_cpp_code_generator_ok" time="1.157" /><testcase classname="tests.test_iteration9.TestExplainCode" name="test_explain_code_structured" time="1.270" /></testsuite></testsuites>