<?xml version="1.0" encoding="utf-8"?><testsuites name="pytest tests"><testsuite name="pytest" errors="0" failures="0" skipped="0" tests="12" time="12.525" timestamp="2026-07-31T09:18:36.082076+00:00" hostname="agent-env-acd99c78-5918-43b1-9ebb-7e9d94a7d3d1"><testcase classname="tests.test_stress_api" name="test_root" time="0.252" /><testcase classname="tests.test_stress_api" name="test_languages" time="0.046" /><testcase classname="tests.test_stress_api" name="test_preview_simple" time="0.044" /><testcase classname="tests.test_stress_api" name="test_preview_advanced" time="0.044" /><testcase classname="tests.test_stress_api" name="test_preview_gen_error" time="0.046" /><testcase classname="tests.test_stress_api" name="test_run_cpp_wa" time="2.083" /><testcase classname="tests.test_stress_api" name="test_run_python_ac" time="0.334" /><testcase classname="tests.test_stress_api" name="test_run_java_ac" time="1.908" /><testcase classname="tests.test_stress_api" name="test_run_ce_cpp" time="0.059" /><testcase classname="tests.test_stress_api" name="test_run_tle" time="3.255" /><testcase classname="tests.test_stress_api" name="test_run_rte" time="1.906" /><testcase classname="tests.test_stress_api" name="test_run_mle" time="2.009" /></testsuite></testsuites>