<?xml version="1.0" encoding="utf-8"?><testsuites name="pytest tests"><testsuite name="pytest" errors="0" failures="0" skipped="0" tests="32" time="33.158" timestamp="2026-08-02T15:26:21.578862+00:00" hostname="agent-env-acd99c78-5918-43b1-9ebb-7e9d94a7d3d1"><testcase classname="tests.test_stress_api" name="test_root" time="0.133" /><testcase classname="tests.test_stress_jobs" name="test_preview_typed_mixed" time="0.134" /><testcase classname="tests.test_stress_api" name="test_languages" time="0.046" /><testcase classname="tests.test_stress_jobs" name="test_preview_distinct_array_ok" time="0.041" /><testcase classname="tests.test_stress_jobs" name="test_preview_distinct_too_large" time="0.041" /><testcase classname="tests.test_stress_api" name="test_preview_simple" time="0.045" /><testcase classname="tests.test_stress_jobs" name="test_job_cpp_wa_flow" time="4.733" /><testcase classname="tests.test_stress_api" name="test_preview_advanced" time="0.044" /><testcase classname="tests.test_stress_api" name="test_preview_gen_error" time="0.083" /><testcase classname="tests.test_stress_api" name="test_run_cpp_wa" time="4.232" /><testcase classname="tests.test_stress_api" name="test_run_python_ac" time="0.301" /><testcase classname="tests.test_stress_api" name="test_run_java_ac" time="3.944" /><testcase classname="tests.test_stress_jobs" name="test_job_py_ac" time="0.424" /><testcase classname="tests.test_stress_jobs" name="test_job_java_ac" time="3.582" /><testcase classname="tests.test_stress_api" name="test_run_ce_cpp" time="0.060" /><testcase classname="tests.test_stress_api" name="test_run_tle" time="4.852" /><testcase classname="tests.test_stress_jobs" name="test_job_ce" time="0.160" /><testcase classname="tests.test_stress_jobs" name="test_job_tle" time="5.442" /><testcase classname="tests.test_stress_api" name="test_run_rte" time="3.489" /><testcase classname="tests.test_stress_jobs" name="test_job_rte" time="4.050" /><testcase classname="tests.test_stress_api" name="test_run_mle" time="3.485" /><testcase classname="tests.test_stress_jobs" name="test_job_mle" time="3.318" /><testcase classname="tests.test_ai_endpoints" name="test_ai_status" time="0.141" /><testcase classname="tests.test_ai_endpoints" name="test_ai_generate_solution[cpp]" time="0.640" /><testcase classname="tests.test_ai_endpoints" name="test_ai_generate_solution[python]" time="0.884" /><testcase classname="tests.test_stress_jobs" name="test_job_streaming_progress" time="5.276" /><testcase classname="tests.test_ai_endpoints" name="test_ai_generate_solution[java]" time="3.657" /><testcase classname="tests.test_ai_endpoints" name="test_ai_generate_generator_and_preview" time="1.753" /><testcase classname="tests.test_stress_jobs" name="test_job_cancel" time="0.617" /><testcase classname="tests.test_ai_endpoints" name="test_ai_explain_off_by_one" time="4.789" /><testcase classname="tests.test_stress_jobs" name="test_cancel_unknown_job" time="0.043" /><testcase classname="tests.test_stress_jobs" name="test_status_unknown_job" time="0.039" /></testsuite></testsuites>