<?xml version="1.0" encoding="utf-8"?><testsuites name="pytest tests"><testsuite name="pytest" errors="0" failures="0" skipped="0" tests="6" time="82.816" timestamp="2026-08-02T15:24:53.125002+00:00" hostname="agent-env-acd99c78-5918-43b1-9ebb-7e9d94a7d3d1"><testcase classname="tests.test_ai_endpoints" name="test_ai_status" time="0.252" /><testcase classname="tests.test_ai_endpoints" name="test_ai_generate_solution[cpp]" time="1.667" /><testcase classname="tests.test_ai_endpoints" name="test_ai_generate_solution[python]" time="10.744" /><testcase classname="tests.test_ai_endpoints" name="test_ai_generate_solution[java]" time="32.974" /><testcase classname="tests.test_ai_endpoints" name="test_ai_generate_generator_and_preview" time="35.886" /><testcase classname="tests.test_ai_endpoints" name="test_ai_explain_off_by_one" time="0.744" /></testsuite></testsuites>