<?xml version="1.0" encoding="utf-8"?><testsuites name="pytest tests"><testsuite name="pytest" errors="0" failures="0" skipped="0" tests="14" time="18.115" timestamp="2026-07-31T10:15:00.379317+00:00" hostname="agent-env-acd99c78-5918-43b1-9ebb-7e9d94a7d3d1"><testcase classname="tests.test_stress_jobs" name="test_preview_typed_mixed" time="0.299" /><testcase classname="tests.test_stress_jobs" name="test_preview_distinct_array_ok" time="0.047" /><testcase classname="tests.test_stress_jobs" name="test_preview_distinct_too_large" time="0.042" /><testcase classname="tests.test_stress_jobs" name="test_job_cpp_wa_flow" time="2.139" /><testcase classname="tests.test_stress_jobs" name="test_job_py_ac" time="0.429" /><testcase classname="tests.test_stress_jobs" name="test_job_java_ac" time="1.837" /><testcase classname="tests.test_stress_jobs" name="test_job_ce" time="0.122" /><testcase classname="tests.test_stress_jobs" name="test_job_tle" time="3.182" /><testcase classname="tests.test_stress_jobs" name="test_job_rte" time="1.821" /><testcase classname="tests.test_stress_jobs" name="test_job_mle" time="1.816" /><testcase classname="tests.test_stress_jobs" name="test_job_streaming_progress" time="5.208" /><testcase classname="tests.test_stress_jobs" name="test_job_cancel" time="0.552" /><testcase classname="tests.test_stress_jobs" name="test_cancel_unknown_job" time="0.079" /><testcase classname="tests.test_stress_jobs" name="test_status_unknown_job" time="0.039" /></testsuite></testsuites>